# JRE version: OpenJDK Runtime Environment Microsoft-8035246 (17.0.8+7) (build 17.0.8+7-LTS)
# Java VM: OpenJDK 64-Bit Server VM Microsoft-8035246 (17.0.8+7-LTS, mixed mode, sharing, tiered, compressed oops, compressed class ptrs, g1 gc, windows-amd64)
GC Precious Log:
 CPUs: 4 total, 4 available
 Memory: 12082M
 Large Page Support: Disabled
 NUMA Support: Disabled
 Compressed Oops: Enabled (32-bit)
 Heap Region Size: 1M
 Heap Min Capacity: 8M
 Heap Initial Capacity: 190M
 Heap Max Capacity: 2G
 Pre-touch: Disabled
 Parallel Workers: 4
 Concurrent Workers: 1
 Concurrent Refinement Workers: 4
 Periodic GC: Disabled
Heap:
 garbage-first heap   total 365568K, used 218112K [0x0000000080000000, 0x0000000100000000)
  region size 1024K, 11 young (11264K), 5 survivors (5120K)
 Metaspace       used 110013K, committed 111360K, reserved 557056K
  class space    used 15299K, committed 15936K, reserved 425984K
GC Heap History (20 events):
Event: 80.626 GC heap before
{Heap before GC invocations=48 (full 0):
 garbage-first heap   total 178176K, used 145110K [0x0000000080000000, 0x0000000100000000)
  region size 1024K, 49 young (50176K), 1 survivors (1024K)
 Metaspace       used 91320K, committed 92224K, reserved 557056K
  class space    used 12810K, committed 13248K, reserved 425984K
}
Event: 80.637 GC heap after
{Heap after GC invocations=49 (full 0):
 garbage-first heap   total 404480K, used 100134K [0x0000000080000000, 0x0000000100000000)
  region size 1024K, 5 young (5120K), 5 survivors (5120K)
 Metaspace       used 91320K, committed 92224K, reserved 557056K
  class space    used 12810K, committed 13248K, reserved 425984K
}
Event: 85.571 GC heap before
{Heap before GC invocations=50 (full 0):
 garbage-first heap   total 365568K, used 320294K [0x0000000080000000, 0x0000000100000000)
  region size 1024K, 213 young (218112K), 5 survivors (5120K)
 Metaspace       used 97578K, committed 98688K, reserved 557056K
  class space    used 13717K, committed 14208K, reserved 425984K
}
Event: 85.609 GC heap after
{Heap after GC invocations=51 (full 0):
 garbage-first heap   total 365568K, used 142860K [0x0000000080000000, 0x0000000100000000)
  region size 1024K, 27 young (27648K), 27 survivors (27648K)
 Metaspace       used 97578K, committed 98688K, reserved 557056K
  class space    used 13717K, committed 14208K, reserved 425984K
}
Event: 85.630 GC heap before
{Heap before GC invocations=51 (full 0):
 garbage-first heap   total 365568K, used 143884K [0x0000000080000000, 0x0000000100000000)
  region size 1024K, 28 young (28672K), 27 survivors (27648K)
 Metaspace       used 97624K, committed 98688K, reserved 557056K
  class space    used 13725K, committed 14208K, reserved 425984K
}
Event: 85.653 GC heap after
{Heap after GC invocations=52 (full 0):
 garbage-first heap   total 365568K, used 146432K [0x0000000080000000, 0x0000000100000000)
  region size 1024K, 2 young (2048K), 2 survivors (2048K)
 Metaspace       used 97624K, committed 98688K, reserved 557056K
  class space    used 13725K, committed 14208K, reserved 425984K
}
Event: 86.980 GC heap before
{Heap before GC invocations=52 (full 0):
 garbage-first heap   total 365568K, used 277504K [0x0000000080000000, 0x0000000100000000)
  region size 1024K, 130 young (133120K), 2 survivors (2048K)
 Metaspace       used 101528K, committed 102784K, reserved 557056K
  class space    used 14253K, committed 14848K, reserved 425984K
}
Event: 86.999 GC heap after
{Heap after GC invocations=53 (full 0):
 garbage-first heap   total 365568K, used 158939K [0x0000000080000000, 0x0000000100000000)
  region size 1024K, 15 young (15360K), 15 survivors (15360K)
 Metaspace       used 101528K, committed 102784K, reserved 557056K
  class space    used 14253K, committed 14848K, reserved 425984K
}
Event: 87.815 GC heap before
{Heap before GC invocations=53 (full 0):
 garbage-first heap   total 365568K, used 208091K [0x0000000080000000, 0x0000000100000000)
  region size 1024K, 65 young (66560K), 15 survivors (15360K)
 Metaspace       used 102920K, committed 104064K, reserved 557056K
  class space    used 14390K, committed 14912K, reserved 425984K
}
Event: 87.839 GC heap after
{Heap after GC invocations=54 (full 0):
 garbage-first heap   total 365568K, used 170495K [0x0000000080000000, 0x0000000100000000)
  region size 1024K, 11 young (11264K), 11 survivors (11264K)
 Metaspace       used 102920K, committed 104064K, reserved 557056K
  class space    used 14390K, committed 14912K, reserved 425984K
}
Event: 90.801 GC heap before
{Heap before GC invocations=55 (full 0):
 garbage-first heap   total 365568K, used 286207K [0x0000000080000000, 0x0000000100000000)
  region size 1024K, 123 young (125952K), 11 survivors (11264K)
 Metaspace       used 107914K, committed 109248K, reserved 557056K
  class space    used 15085K, committed 15680K, reserved 425984K
}
Event: 90.849 GC heap after
{Heap after GC invocations=56 (full 0):
 garbage-first heap   total 365568K, used 189440K [0x0000000080000000, 0x0000000100000000)
  region size 1024K, 16 young (16384K), 16 survivors (16384K)
 Metaspace       used 107914K, committed 109248K, reserved 557056K
  class space    used 15085K, committed 15680K, reserved 425984K
}
Event: 90.885 GC heap before
{Heap before GC invocations=56 (full 0):
 garbage-first heap   total 365568K, used 190464K [0x0000000080000000, 0x0000000100000000)
  region size 1024K, 17 young (17408K), 16 survivors (16384K)
 Metaspace       used 107975K, committed 109312K, reserved 557056K
  class space    used 15092K, committed 15680K, reserved 425984K
}
Event: 90.915 GC heap after
{Heap after GC invocations=57 (full 0):
 garbage-first heap   total 365568K, used 192000K [0x0000000080000000, 0x0000000100000000)
  region size 1024K, 2 young (2048K), 2 survivors (2048K)
 Metaspace       used 107975K, committed 109312K, reserved 557056K
  class space    used 15092K, committed 15680K, reserved 425984K
}
Event: 92.841 GC heap before
{Heap before GC invocations=57 (full 0):
 garbage-first heap   total 365568K, used 290304K [0x0000000080000000, 0x0000000100000000)
  region size 1024K, 98 young (100352K), 2 survivors (2048K)
 Metaspace       used 108757K, committed 110080K, reserved 557056K
  class space    used 15155K, committed 15808K, reserved 425984K
}
Event: 92.863 GC heap after
{Heap after GC invocations=58 (full 0):
 garbage-first heap   total 365568K, used 200551K [0x0000000080000000, 0x0000000100000000)
  region size 1024K, 11 young (11264K), 11 survivors (11264K)
 Metaspace       used 108757K, committed 110080K, reserved 557056K
  class space    used 15155K, committed 15808K, reserved 425984K
}
Event: 95.578 GC heap before
{Heap before GC invocations=59 (full 0):
 garbage-first heap   total 365568K, used 292711K [0x0000000080000000, 0x0000000100000000)
  region size 1024K, 102 young (104448K), 11 survivors (11264K)
 Metaspace       used 109863K, committed 111296K, reserved 557056K
  class space    used 15291K, committed 15936K, reserved 425984K
}
Event: 95.601 GC heap after
{Heap after GC invocations=60 (full 0):
 garbage-first heap   total 365568K, used 206378K [0x0000000080000000, 0x0000000100000000)
  region size 1024K, 6 young (6144K), 6 survivors (6144K)
 Metaspace       used 109863K, committed 111296K, reserved 557056K
  class space    used 15291K, committed 15936K, reserved 425984K
}
Event: 95.854 GC heap before
{Heap before GC invocations=60 (full 0):
 garbage-first heap   total 365568K, used 216618K [0x0000000080000000, 0x0000000100000000)
  region size 1024K, 17 young (17408K), 6 survivors (6144K)
 Metaspace       used 109971K, committed 111360K, reserved 557056K
  class space    used 15298K, committed 15936K, reserved 425984K
}
Event: 95.870 GC heap after
{Heap after GC invocations=61 (full 0):
 garbage-first heap   total 365568K, used 207872K [0x0000000080000000, 0x0000000100000000)
  region size 1024K, 3 young (3072K), 3 survivors (3072K)
 Metaspace       used 109971K, committed 111360K, reserved 557056K
  class space    used 15298K, committed 15936K, reserved 425984K
}

