# JRE version: OpenJDK Runtime Environment Microsoft-8035246 (17.0.8+7) (build 17.0.8+7-LTS)
# Java VM: OpenJDK 64-Bit Server VM Microsoft-8035246 (17.0.8+7-LTS, mixed mode, sharing, tiered, compressed oops, compressed class ptrs, g1 gc, windows-amd64)
GC Precious Log:
 CPUs: 4 total, 4 available
 Memory: 12082M
 Large Page Support: Disabled
 NUMA Support: Disabled
 Compressed Oops: Enabled (32-bit)
 Heap Region Size: 1M
 Heap Min Capacity: 8M
 Heap Initial Capacity: 190M
 Heap Max Capacity: 2G
 Pre-touch: Disabled
 Parallel Workers: 4
 Concurrent Workers: 1
 Concurrent Refinement Workers: 4
 Periodic GC: Disabled
Heap:
 garbage-first heap   total 337920K, used 260702K [0x0000000080000000, 0x0000000100000000)
  region size 1024K, 56 young (57344K), 4 survivors (4096K)
 Metaspace       used 110042K, committed 111424K, reserved 557056K
  class space    used 15315K, committed 15936K, reserved 425984K
GC Heap History (20 events):
Event: 122.250 GC heap before
{Heap before GC invocations=59 (full 0):
 garbage-first heap   total 247808K, used 189215K [0x0000000080000000, 0x0000000100000000)
  region size 1024K, 43 young (44032K), 2 survivors (2048K)
 Metaspace       used 100616K, committed 101632K, reserved 557056K
  class space    used 14138K, committed 14592K, reserved 425984K
}
Event: 122.256 GC heap after
{Heap after GC invocations=60 (full 0):
 garbage-first heap   total 247808K, used 149395K [0x0000000080000000, 0x0000000100000000)
  region size 1024K, 4 young (4096K), 4 survivors (4096K)
 Metaspace       used 100616K, committed 101632K, reserved 557056K
  class space    used 14138K, committed 14592K, reserved 425984K
}
Event: 122.964 GC heap before
{Heap before GC invocations=60 (full 0):
 garbage-first heap   total 247808K, used 193427K [0x0000000080000000, 0x0000000100000000)
  region size 1024K, 47 young (48128K), 4 survivors (4096K)
 Metaspace       used 101535K, committed 102720K, reserved 557056K
  class space    used 14254K, committed 14784K, reserved 425984K
}
Event: 122.976 GC heap after
{Heap after GC invocations=61 (full 0):
 garbage-first heap   total 247808K, used 154981K [0x0000000080000000, 0x0000000100000000)
  region size 1024K, 6 young (6144K), 6 survivors (6144K)
 Metaspace       used 101535K, committed 102720K, reserved 557056K
  class space    used 14254K, committed 14784K, reserved 425984K
}
Event: 123.905 GC heap before
{Heap before GC invocations=62 (full 0):
 garbage-first heap   total 271360K, used 195941K [0x0000000080000000, 0x0000000100000000)
  region size 1024K, 46 young (47104K), 6 survivors (6144K)
 Metaspace       used 101567K, committed 102784K, reserved 557056K
  class space    used 14258K, committed 14848K, reserved 425984K
}
Event: 123.921 GC heap after
{Heap after GC invocations=63 (full 0):
 garbage-first heap   total 271360K, used 162816K [0x0000000080000000, 0x0000000100000000)
  region size 1024K, 6 young (6144K), 6 survivors (6144K)
 Metaspace       used 101567K, committed 102784K, reserved 557056K
  class space    used 14258K, committed 14848K, reserved 425984K
}
Event: 124.046 GC heap before
{Heap before GC invocations=63 (full 0):
 garbage-first heap   total 271360K, used 169984K [0x0000000080000000, 0x0000000100000000)
  region size 1024K, 13 young (13312K), 6 survivors (6144K)
 Metaspace       used 101577K, committed 102784K, reserved 557056K
  class space    used 14258K, committed 14848K, reserved 425984K
}
Event: 124.055 GC heap after
{Heap after GC invocations=64 (full 0):
 garbage-first heap   total 271360K, used 164650K [0x0000000080000000, 0x0000000100000000)
  region size 1024K, 2 young (2048K), 2 survivors (2048K)
 Metaspace       used 101577K, committed 102784K, reserved 557056K
  class space    used 14258K, committed 14848K, reserved 425984K
}
Event: 125.600 GC heap before
{Heap before GC invocations=64 (full 0):
 garbage-first heap   total 271360K, used 214826K [0x0000000080000000, 0x0000000100000000)
  region size 1024K, 50 young (51200K), 2 survivors (2048K)
 Metaspace       used 103173K, committed 104384K, reserved 557056K
  class space    used 14427K, committed 14976K, reserved 425984K
}
Event: 125.614 GC heap after
{Heap after GC invocations=65 (full 0):
 garbage-first heap   total 336896K, used 177473K [0x0000000080000000, 0x0000000100000000)
  region size 1024K, 7 young (7168K), 7 survivors (7168K)
 Metaspace       used 103173K, committed 104384K, reserved 557056K
  class space    used 14427K, committed 14976K, reserved 425984K
}
Event: 128.829 GC heap before
{Heap before GC invocations=65 (full 0):
 garbage-first heap   total 336896K, used 254273K [0x0000000080000000, 0x0000000100000000)
  region size 1024K, 82 young (83968K), 7 survivors (7168K)
 Metaspace       used 107500K, committed 108736K, reserved 557056K
  class space    used 15049K, committed 15616K, reserved 425984K
}
Event: 128.853 GC heap after
{Heap after GC invocations=66 (full 0):
 garbage-first heap   total 336896K, used 186976K [0x0000000080000000, 0x0000000100000000)
  region size 1024K, 9 young (9216K), 9 survivors (9216K)
 Metaspace       used 107500K, committed 108736K, reserved 557056K
  class space    used 15049K, committed 15616K, reserved 425984K
}
Event: 132.940 GC heap before
{Heap before GC invocations=66 (full 0):
 garbage-first heap   total 336896K, used 261728K [0x0000000080000000, 0x0000000100000000)
  region size 1024K, 82 young (83968K), 9 survivors (9216K)
 Metaspace       used 108525K, committed 109760K, reserved 557056K
  class space    used 15128K, committed 15680K, reserved 425984K
}
Event: 132.977 GC heap after
{Heap after GC invocations=67 (full 0):
 garbage-first heap   total 336896K, used 197632K [0x0000000080000000, 0x0000000100000000)
  region size 1024K, 11 young (11264K), 11 survivors (11264K)
 Metaspace       used 108525K, committed 109760K, reserved 557056K
  class space    used 15128K, committed 15680K, reserved 425984K
}
Event: 136.720 GC heap before
{Heap before GC invocations=68 (full 0):
 garbage-first heap   total 337920K, used 267264K [0x0000000080000000, 0x0000000100000000)
  region size 1024K, 79 young (80896K), 11 survivors (11264K)
 Metaspace       used 109003K, committed 110272K, reserved 557056K
  class space    used 15175K, committed 15744K, reserved 425984K
}
Event: 136.745 GC heap after
{Heap after GC invocations=69 (full 0):
 garbage-first heap   total 337920K, used 206491K [0x0000000080000000, 0x0000000100000000)
  region size 1024K, 9 young (9216K), 9 survivors (9216K)
 Metaspace       used 109003K, committed 110272K, reserved 557056K
  class space    used 15175K, committed 15744K, reserved 425984K
}
Event: 137.023 GC heap before
{Heap before GC invocations=69 (full 0):
 garbage-first heap   total 337920K, used 212635K [0x0000000080000000, 0x0000000100000000)
  region size 1024K, 16 young (16384K), 9 survivors (9216K)
 Metaspace       used 109372K, committed 110656K, reserved 557056K
  class space    used 15252K, committed 15808K, reserved 425984K
}
Event: 137.042 GC heap after
{Heap after GC invocations=70 (full 0):
 garbage-first heap   total 337920K, used 206234K [0x0000000080000000, 0x0000000100000000)
  region size 1024K, 2 young (2048K), 2 survivors (2048K)
 Metaspace       used 109372K, committed 110656K, reserved 557056K
  class space    used 15252K, committed 15808K, reserved 425984K
}
Event: 141.603 GC heap before
{Heap before GC invocations=70 (full 0):
 garbage-first heap   total 337920K, used 271770K [0x0000000080000000, 0x0000000100000000)
  region size 1024K, 67 young (68608K), 2 survivors (2048K)
 Metaspace       used 109992K, committed 111360K, reserved 557056K
  class space    used 15311K, committed 15936K, reserved 425984K
}
Event: 141.612 GC heap after
{Heap after GC invocations=71 (full 0):
 garbage-first heap   total 337920K, used 208478K [0x0000000080000000, 0x0000000100000000)
  region size 1024K, 4 young (4096K), 4 survivors (4096K)
 Metaspace       used 109992K, committed 111360K, reserved 557056K
  class space    used 15311K, committed 15936K, reserved 425984K
}

