# JRE version: OpenJDK Runtime Environment Microsoft-8035246 (17.0.8+7) (build 17.0.8+7-LTS)
# Java VM: OpenJDK 64-Bit Server VM Microsoft-8035246 (17.0.8+7-LTS, mixed mode, sharing, tiered, compressed oops, compressed class ptrs, g1 gc, windows-amd64)
GC Precious Log:
 CPUs: 4 total, 4 available
 Memory: 12082M
 Large Page Support: Disabled
 NUMA Support: Disabled
 Compressed Oops: Enabled (32-bit)
 Heap Region Size: 1M
 Heap Min Capacity: 8M
 Heap Initial Capacity: 190M
 Heap Max Capacity: 2G
 Pre-touch: Disabled
 Parallel Workers: 4
 Concurrent Workers: 1
 Concurrent Refinement Workers: 4
 Periodic GC: Disabled
Heap:
 garbage-first heap   total 437248K, used 288153K [0x0000000080000000, 0x0000000100000000)
  region size 1024K, 94 young (96256K), 12 survivors (12288K)
 Metaspace       used 110010K, committed 111424K, reserved 557056K
  class space    used 15326K, committed 16000K, reserved 425984K
GC Heap History (20 events):
Event: 92.340 GC heap before
{Heap before GC invocations=48 (full 0):
 garbage-first heap   total 190464K, used 100553K [0x0000000080000000, 0x0000000100000000)
  region size 1024K, 9 young (9216K), 4 survivors (4096K)
 Metaspace       used 89109K, committed 89856K, reserved 557056K
  class space    used 12496K, committed 12864K, reserved 425984K
}
Event: 92.347 GC heap after
{Heap after GC invocations=49 (full 0):
 garbage-first heap   total 190464K, used 95492K [0x0000000080000000, 0x0000000100000000)
  region size 1024K, 1 young (1024K), 1 survivors (1024K)
 Metaspace       used 89109K, committed 89856K, reserved 557056K
  class space    used 12496K, committed 12864K, reserved 425984K
}
Event: 93.358 GC heap before
{Heap before GC invocations=49 (full 0):
 garbage-first heap   total 190464K, used 151812K [0x0000000080000000, 0x0000000100000000)
  region size 1024K, 56 young (57344K), 1 survivors (1024K)
 Metaspace       used 91844K, committed 92736K, reserved 557056K
  class space    used 12919K, committed 13312K, reserved 425984K
}
Event: 93.368 GC heap after
{Heap after GC invocations=50 (full 0):
 garbage-first heap   total 190464K, used 100888K [0x0000000080000000, 0x0000000100000000)
  region size 1024K, 6 young (6144K), 6 survivors (6144K)
 Metaspace       used 91844K, committed 92736K, reserved 557056K
  class space    used 12919K, committed 13312K, reserved 425984K
}
Event: 94.811 GC heap before
{Heap before GC invocations=51 (full 0):
 garbage-first heap   total 190464K, used 155160K [0x0000000080000000, 0x0000000100000000)
  region size 1024K, 57 young (58368K), 6 survivors (6144K)
 Metaspace       used 92834K, committed 93760K, reserved 557056K
  class space    used 13043K, committed 13440K, reserved 425984K
}
Event: 94.827 GC heap after
{Heap after GC invocations=52 (full 0):
 garbage-first heap   total 190464K, used 115446K [0x0000000080000000, 0x0000000100000000)
  region size 1024K, 8 young (8192K), 8 survivors (8192K)
 Metaspace       used 92834K, committed 93760K, reserved 557056K
  class space    used 13043K, committed 13440K, reserved 425984K
}
Event: 94.859 GC heap before
{Heap before GC invocations=52 (full 0):
 garbage-first heap   total 190464K, used 118518K [0x0000000080000000, 0x0000000100000000)
  region size 1024K, 9 young (9216K), 8 survivors (8192K)
 Metaspace       used 92834K, committed 93760K, reserved 557056K
  class space    used 13043K, committed 13440K, reserved 425984K
}
Event: 94.868 GC heap after
{Heap after GC invocations=53 (full 0):
 garbage-first heap   total 190464K, used 119569K [0x0000000080000000, 0x0000000100000000)
  region size 1024K, 2 young (2048K), 2 survivors (2048K)
 Metaspace       used 92834K, committed 93760K, reserved 557056K
  class space    used 13043K, committed 13440K, reserved 425984K
}
Event: 95.442 GC heap before
{Heap before GC invocations=53 (full 0):
 garbage-first heap   total 190464K, used 153361K [0x0000000080000000, 0x0000000100000000)
  region size 1024K, 35 young (35840K), 2 survivors (2048K)
 Metaspace       used 93913K, committed 94976K, reserved 557056K
  class space    used 13218K, committed 13696K, reserved 425984K
}
Event: 95.459 GC heap after
{Heap after GC invocations=54 (full 0):
 garbage-first heap   total 445440K, used 127216K [0x0000000080000000, 0x0000000100000000)
  region size 1024K, 5 young (5120K), 5 survivors (5120K)
 Metaspace       used 93913K, committed 94976K, reserved 557056K
  class space    used 13218K, committed 13696K, reserved 425984K
}
Event: 98.563 GC heap before
{Heap before GC invocations=55 (full 0):
 garbage-first heap   total 437248K, used 289008K [0x0000000080000000, 0x0000000100000000)
  region size 1024K, 159 young (162816K), 5 survivors (5120K)
 Metaspace       used 100032K, committed 101184K, reserved 557056K
  class space    used 14079K, committed 14656K, reserved 425984K
}
Event: 98.590 GC heap after
{Heap after GC invocations=56 (full 0):
 garbage-first heap   total 437248K, used 146294K [0x0000000080000000, 0x0000000100000000)
  region size 1024K, 20 young (20480K), 20 survivors (20480K)
 Metaspace       used 100032K, committed 101184K, reserved 557056K
  class space    used 14079K, committed 14656K, reserved 425984K
}
Event: 98.606 GC heap before
{Heap before GC invocations=56 (full 0):
 garbage-first heap   total 437248K, used 146294K [0x0000000080000000, 0x0000000100000000)
  region size 1024K, 21 young (21504K), 20 survivors (20480K)
 Metaspace       used 100090K, committed 101248K, reserved 557056K
  class space    used 14088K, committed 14656K, reserved 425984K
}
Event: 98.625 GC heap after
{Heap after GC invocations=57 (full 0):
 garbage-first heap   total 437248K, used 148188K [0x0000000080000000, 0x0000000100000000)
  region size 1024K, 2 young (2048K), 2 survivors (2048K)
 Metaspace       used 100090K, committed 101248K, reserved 557056K
  class space    used 14088K, committed 14656K, reserved 425984K
}
Event: 100.777 GC heap before
{Heap before GC invocations=57 (full 0):
 garbage-first heap   total 437248K, used 297692K [0x0000000080000000, 0x0000000100000000)
  region size 1024K, 148 young (151552K), 2 survivors (2048K)
 Metaspace       used 103119K, committed 104256K, reserved 557056K
  class space    used 14431K, committed 14976K, reserved 425984K
}
Event: 100.801 GC heap after
{Heap after GC invocations=58 (full 0):
 garbage-first heap   total 437248K, used 175513K [0x0000000080000000, 0x0000000100000000)
  region size 1024K, 19 young (19456K), 19 survivors (19456K)
 Metaspace       used 103119K, committed 104256K, reserved 557056K
  class space    used 14431K, committed 14976K, reserved 425984K
}
Event: 103.518 GC heap before
{Heap before GC invocations=58 (full 0):
 garbage-first heap   total 437248K, used 310681K [0x0000000080000000, 0x0000000100000000)
  region size 1024K, 151 young (154624K), 19 survivors (19456K)
 Metaspace       used 108335K, committed 109632K, reserved 557056K
  class space    used 15126K, committed 15744K, reserved 425984K
}
Event: 103.557 GC heap after
{Heap after GC invocations=59 (full 0):
 garbage-first heap   total 437248K, used 194391K [0x0000000080000000, 0x0000000100000000)
  region size 1024K, 18 young (18432K), 18 survivors (18432K)
 Metaspace       used 108335K, committed 109632K, reserved 557056K
  class space    used 15126K, committed 15744K, reserved 425984K
}
Event: 105.416 GC heap before
{Heap before GC invocations=59 (full 0):
 garbage-first heap   total 437248K, used 322391K [0x0000000080000000, 0x0000000100000000)
  region size 1024K, 144 young (147456K), 18 survivors (18432K)
 Metaspace       used 109644K, committed 111040K, reserved 557056K
  class space    used 15275K, committed 15936K, reserved 425984K
}
Event: 105.461 GC heap after
{Heap after GC invocations=60 (full 0):
 garbage-first heap   total 437248K, used 206233K [0x0000000080000000, 0x0000000100000000)
  region size 1024K, 12 young (12288K), 12 survivors (12288K)
 Metaspace       used 109644K, committed 111040K, reserved 557056K
  class space    used 15275K, committed 15936K, reserved 425984K
}

