# JRE version: OpenJDK Runtime Environment Microsoft-8035246 (17.0.8+7) (build 17.0.8+7-LTS)
# Java VM: OpenJDK 64-Bit Server VM Microsoft-8035246 (17.0.8+7-LTS, mixed mode, sharing, tiered, compressed oops, compressed class ptrs, g1 gc, windows-amd64)
GC Precious Log:
 CPUs: 4 total, 4 available
 Memory: 12082M
 Large Page Support: Disabled
 NUMA Support: Disabled
 Compressed Oops: Enabled (32-bit)
 Heap Region Size: 1M
 Heap Min Capacity: 8M
 Heap Initial Capacity: 190M
 Heap Max Capacity: 2G
 Pre-touch: Disabled
 Parallel Workers: 4
 Concurrent Workers: 1
 Concurrent Refinement Workers: 4
 Periodic GC: Disabled
Heap:
 garbage-first heap   total 342016K, used 251054K [0x0000000080000000, 0x0000000100000000)
  region size 1024K, 64 young (65536K), 8 survivors (8192K)
 Metaspace       used 104494K, committed 105728K, reserved 557056K
  class space    used 14595K, committed 15168K, reserved 425984K
GC Heap History (20 events):
Event: 86.376 GC heap before
{Heap before GC invocations=48 (full 0):
 garbage-first heap   total 172032K, used 94622K [0x0000000080000000, 0x0000000100000000)
  region size 1024K, 8 young (8192K), 5 survivors (5120K)
 Metaspace       used 82973K, committed 83712K, reserved 557056K
  class space    used 11719K, committed 12096K, reserved 425984K
}
Event: 86.383 GC heap after
{Heap after GC invocations=49 (full 0):
 garbage-first heap   total 172032K, used 92684K [0x0000000080000000, 0x0000000100000000)
  region size 1024K, 1 young (1024K), 1 survivors (1024K)
 Metaspace       used 82973K, committed 83712K, reserved 557056K
  class space    used 11719K, committed 12096K, reserved 425984K
}
Event: 87.317 GC heap before
{Heap before GC invocations=49 (full 0):
 garbage-first heap   total 172032K, used 138764K [0x0000000080000000, 0x0000000100000000)
  region size 1024K, 46 young (47104K), 1 survivors (1024K)
 Metaspace       used 85638K, committed 86464K, reserved 557056K
  class space    used 12085K, committed 12480K, reserved 425984K
}
Event: 87.325 GC heap after
{Heap after GC invocations=50 (full 0):
 garbage-first heap   total 344064K, used 95226K [0x0000000080000000, 0x0000000100000000)
  region size 1024K, 4 young (4096K), 4 survivors (4096K)
 Metaspace       used 85638K, committed 86464K, reserved 557056K
  class space    used 12085K, committed 12480K, reserved 425984K
}
Event: 90.948 GC heap before
{Heap before GC invocations=51 (full 0):
 garbage-first heap   total 342016K, used 258042K [0x0000000080000000, 0x0000000100000000)
  region size 1024K, 157 young (160768K), 4 survivors (4096K)
 Metaspace       used 89470K, committed 90432K, reserved 557056K
  class space    used 12670K, committed 13120K, reserved 425984K
}
Event: 90.987 GC heap after
{Heap after GC invocations=52 (full 0):
 garbage-first heap   total 342016K, used 133827K [0x0000000080000000, 0x0000000100000000)
  region size 1024K, 20 young (20480K), 20 survivors (20480K)
 Metaspace       used 89470K, committed 90432K, reserved 557056K
  class space    used 12670K, committed 13120K, reserved 425984K
}
Event: 91.015 GC heap before
{Heap before GC invocations=52 (full 0):
 garbage-first heap   total 342016K, used 133827K [0x0000000080000000, 0x0000000100000000)
  region size 1024K, 21 young (21504K), 20 survivors (20480K)
 Metaspace       used 89513K, committed 90496K, reserved 557056K
  class space    used 12679K, committed 13120K, reserved 425984K
}
Event: 91.034 GC heap after
{Heap after GC invocations=53 (full 0):
 garbage-first heap   total 342016K, used 135978K [0x0000000080000000, 0x0000000100000000)
  region size 1024K, 2 young (2048K), 2 survivors (2048K)
 Metaspace       used 89513K, committed 90496K, reserved 557056K
  class space    used 12679K, committed 13120K, reserved 425984K
}
Event: 92.810 GC heap before
{Heap before GC invocations=53 (full 0):
 garbage-first heap   total 342016K, used 252714K [0x0000000080000000, 0x0000000100000000)
  region size 1024K, 116 young (118784K), 2 survivors (2048K)
 Metaspace       used 95765K, committed 96896K, reserved 557056K
  class space    used 13540K, committed 14080K, reserved 425984K
}
Event: 92.821 GC heap after
{Heap after GC invocations=54 (full 0):
 garbage-first heap   total 342016K, used 141389K [0x0000000080000000, 0x0000000100000000)
  region size 1024K, 8 young (8192K), 8 survivors (8192K)
 Metaspace       used 95765K, committed 96896K, reserved 557056K
  class space    used 13540K, committed 14080K, reserved 425984K
}
Event: 94.757 GC heap before
{Heap before GC invocations=54 (full 0):
 garbage-first heap   total 342016K, used 247885K [0x0000000080000000, 0x0000000100000000)
  region size 1024K, 114 young (116736K), 8 survivors (8192K)
 Metaspace       used 97464K, committed 98560K, reserved 557056K
  class space    used 13702K, committed 14208K, reserved 425984K
}
Event: 94.784 GC heap after
{Heap after GC invocations=55 (full 0):
 garbage-first heap   total 342016K, used 161352K [0x0000000080000000, 0x0000000100000000)
  region size 1024K, 16 young (16384K), 16 survivors (16384K)
 Metaspace       used 97464K, committed 98560K, reserved 557056K
  class space    used 13702K, committed 14208K, reserved 425984K
}
Event: 98.427 GC heap before
{Heap before GC invocations=56 (full 0):
 garbage-first heap   total 342016K, used 264776K [0x0000000080000000, 0x0000000100000000)
  region size 1024K, 116 young (118784K), 16 survivors (16384K)
 Metaspace       used 102168K, committed 103360K, reserved 557056K
  class space    used 14356K, committed 14976K, reserved 425984K
}
Event: 98.464 GC heap after
{Heap after GC invocations=57 (full 0):
 garbage-first heap   total 342016K, used 179428K [0x0000000080000000, 0x0000000100000000)
  region size 1024K, 15 young (15360K), 15 survivors (15360K)
 Metaspace       used 102168K, committed 103360K, reserved 557056K
  class space    used 14356K, committed 14976K, reserved 425984K
}
Event: 98.498 GC heap before
{Heap before GC invocations=57 (full 0):
 garbage-first heap   total 342016K, used 180452K [0x0000000080000000, 0x0000000100000000)
  region size 1024K, 16 young (16384K), 15 survivors (15360K)
 Metaspace       used 102191K, committed 103360K, reserved 557056K
  class space    used 14360K, committed 14976K, reserved 425984K
}
Event: 98.523 GC heap after
{Heap after GC invocations=58 (full 0):
 garbage-first heap   total 342016K, used 181034K [0x0000000080000000, 0x0000000100000000)
  region size 1024K, 2 young (2048K), 2 survivors (2048K)
 Metaspace       used 102191K, committed 103360K, reserved 557056K
  class space    used 14360K, committed 14976K, reserved 425984K
}
Event: 100.004 GC heap before
{Heap before GC invocations=58 (full 0):
 garbage-first heap   total 342016K, used 269098K [0x0000000080000000, 0x0000000100000000)
  region size 1024K, 88 young (90112K), 2 survivors (2048K)
 Metaspace       used 103096K, committed 104256K, reserved 557056K
  class space    used 14423K, committed 14976K, reserved 425984K
}
Event: 100.028 GC heap after
{Heap after GC invocations=59 (full 0):
 garbage-first heap   total 342016K, used 188397K [0x0000000080000000, 0x0000000100000000)
  region size 1024K, 10 young (10240K), 10 survivors (10240K)
 Metaspace       used 103096K, committed 104256K, reserved 557056K
  class space    used 14423K, committed 14976K, reserved 425984K
}
Event: 101.736 GC heap before
{Heap before GC invocations=59 (full 0):
 garbage-first heap   total 342016K, used 271341K [0x0000000080000000, 0x0000000100000000)
  region size 1024K, 92 young (94208K), 10 survivors (10240K)
 Metaspace       used 104113K, committed 105344K, reserved 557056K
  class space    used 14545K, committed 15168K, reserved 425984K
}
Event: 101.757 GC heap after
{Heap after GC invocations=60 (full 0):
 garbage-first heap   total 342016K, used 195758K [0x0000000080000000, 0x0000000100000000)
  region size 1024K, 8 young (8192K), 8 survivors (8192K)
 Metaspace       used 104113K, committed 105344K, reserved 557056K
  class space    used 14545K, committed 15168K, reserved 425984K
}

