# JRE version: OpenJDK Runtime Environment Microsoft-8035246 (17.0.8+7) (build 17.0.8+7-LTS)
# Java VM: OpenJDK 64-Bit Server VM Microsoft-8035246 (17.0.8+7-LTS, mixed mode, sharing, tiered, compressed oops, compressed class ptrs, g1 gc, windows-amd64)
GC Precious Log:
 CPUs: 4 total, 4 available
 Memory: 12082M
 Large Page Support: Disabled
 NUMA Support: Disabled
 Compressed Oops: Enabled (32-bit)
 Heap Region Size: 1M
 Heap Min Capacity: 8M
 Heap Initial Capacity: 190M
 Heap Max Capacity: 2G
 Pre-touch: Disabled
 Parallel Workers: 4
 Concurrent Workers: 1
 Concurrent Refinement Workers: 4
 Periodic GC: Disabled
Heap:
 garbage-first heap   total 446464K, used 327680K [0x0000000080000000, 0x0000000100000000)
  region size 1024K, 130 young (133120K), 11 survivors (11264K)
 Metaspace       used 117675K, committed 118976K, reserved 557056K
  class space    used 16209K, committed 16768K, reserved 425984K
GC Heap History (20 events):
Event: 92.238 GC heap before
{Heap before GC invocations=56 (full 0):
 garbage-first heap   total 201728K, used 120113K [0x0000000080000000, 0x0000000100000000)
  region size 1024K, 10 young (10240K), 2 survivors (2048K)
 Metaspace       used 100862K, committed 101824K, reserved 557056K
  class space    used 14006K, committed 14464K, reserved 425984K
}
Event: 92.243 GC heap after
{Heap after GC invocations=57 (full 0):
 garbage-first heap   total 201728K, used 114062K [0x0000000080000000, 0x0000000100000000)
  region size 1024K, 2 young (2048K), 2 survivors (2048K)
 Metaspace       used 100862K, committed 101824K, reserved 557056K
  class space    used 14006K, committed 14464K, reserved 425984K
}
Event: 93.574 GC heap before
{Heap before GC invocations=58 (full 0):
 garbage-first heap   total 215040K, used 167310K [0x0000000080000000, 0x0000000100000000)
  region size 1024K, 51 young (52224K), 2 survivors (2048K)
 Metaspace       used 102153K, committed 103168K, reserved 557056K
  class space    used 14194K, committed 14656K, reserved 425984K
}
Event: 93.589 GC heap after
{Heap after GC invocations=59 (full 0):
 garbage-first heap   total 215040K, used 132049K [0x0000000080000000, 0x0000000100000000)
  region size 1024K, 7 young (7168K), 7 survivors (7168K)
 Metaspace       used 102153K, committed 103168K, reserved 557056K
  class space    used 14194K, committed 14656K, reserved 425984K
}
Event: 93.766 GC heap before
{Heap before GC invocations=59 (full 0):
 garbage-first heap   total 215040K, used 135121K [0x0000000080000000, 0x0000000100000000)
  region size 1024K, 10 young (10240K), 7 survivors (7168K)
 Metaspace       used 102165K, committed 103168K, reserved 557056K
  class space    used 14194K, committed 14656K, reserved 425984K
}
Event: 93.771 GC heap after
{Heap after GC invocations=60 (full 0):
 garbage-first heap   total 215040K, used 132309K [0x0000000080000000, 0x0000000100000000)
  region size 1024K, 1 young (1024K), 1 survivors (1024K)
 Metaspace       used 102165K, committed 103168K, reserved 557056K
  class space    used 14194K, committed 14656K, reserved 425984K
}
Event: 93.871 GC heap before
{Heap before GC invocations=60 (full 0):
 garbage-first heap   total 215040K, used 137429K [0x0000000080000000, 0x0000000100000000)
  region size 1024K, 7 young (7168K), 1 survivors (1024K)
 Metaspace       used 102204K, committed 103232K, reserved 557056K
  class space    used 14198K, committed 14656K, reserved 425984K
}
Event: 93.876 GC heap after
{Heap after GC invocations=61 (full 0):
 garbage-first heap   total 446464K, used 132485K [0x0000000080000000, 0x0000000100000000)
  region size 1024K, 1 young (1024K), 1 survivors (1024K)
 Metaspace       used 102204K, committed 103232K, reserved 557056K
  class space    used 14198K, committed 14656K, reserved 425984K
}
Event: 93.908 GC heap before
{Heap before GC invocations=61 (full 0):
 garbage-first heap   total 446464K, used 134533K [0x0000000080000000, 0x0000000100000000)
  region size 1024K, 3 young (3072K), 1 survivors (1024K)
 Metaspace       used 102204K, committed 103232K, reserved 557056K
  class space    used 14198K, committed 14656K, reserved 425984K
}
Event: 93.911 GC heap after
{Heap after GC invocations=62 (full 0):
 garbage-first heap   total 446464K, used 134733K [0x0000000080000000, 0x0000000100000000)
  region size 1024K, 2 young (2048K), 2 survivors (2048K)
 Metaspace       used 102204K, committed 103232K, reserved 557056K
  class space    used 14198K, committed 14656K, reserved 425984K
}
Event: 97.107 GC heap before
{Heap before GC invocations=63 (full 0):
 garbage-first heap   total 446464K, used 270925K [0x0000000080000000, 0x0000000100000000)
  region size 1024K, 133 young (136192K), 2 survivors (2048K)
 Metaspace       used 108753K, committed 109888K, reserved 557056K
  class space    used 15135K, committed 15680K, reserved 425984K
}
Event: 97.137 GC heap after
{Heap after GC invocations=64 (full 0):
 garbage-first heap   total 446464K, used 147455K [0x0000000080000000, 0x0000000100000000)
  region size 1024K, 14 young (14336K), 14 survivors (14336K)
 Metaspace       used 108753K, committed 109888K, reserved 557056K
  class space    used 15135K, committed 15680K, reserved 425984K
}
Event: 97.288 GC heap before
{Heap before GC invocations=64 (full 0):
 garbage-first heap   total 446464K, used 153599K [0x0000000080000000, 0x0000000100000000)
  region size 1024K, 21 young (21504K), 14 survivors (14336K)
 Metaspace       used 109057K, committed 110144K, reserved 557056K
  class space    used 15178K, committed 15680K, reserved 425984K
}
Event: 97.306 GC heap after
{Heap after GC invocations=65 (full 0):
 garbage-first heap   total 446464K, used 149104K [0x0000000080000000, 0x0000000100000000)
  region size 1024K, 2 young (2048K), 2 survivors (2048K)
 Metaspace       used 109057K, committed 110144K, reserved 557056K
  class space    used 15178K, committed 15680K, reserved 425984K
}
Event: 100.273 GC heap before
{Heap before GC invocations=65 (full 0):
 garbage-first heap   total 446464K, used 286320K [0x0000000080000000, 0x0000000100000000)
  region size 1024K, 136 young (139264K), 2 survivors (2048K)
 Metaspace       used 111161K, committed 112384K, reserved 557056K
  class space    used 15394K, committed 15936K, reserved 425984K
}
Event: 100.303 GC heap after
{Heap after GC invocations=66 (full 0):
 garbage-first heap   total 446464K, used 177152K [0x0000000080000000, 0x0000000100000000)
  region size 1024K, 17 young (17408K), 17 survivors (17408K)
 Metaspace       used 111161K, committed 112384K, reserved 557056K
  class space    used 15394K, committed 15936K, reserved 425984K
}
Event: 103.256 GC heap before
{Heap before GC invocations=66 (full 0):
 garbage-first heap   total 446464K, used 306176K [0x0000000080000000, 0x0000000100000000)
  region size 1024K, 143 young (146432K), 17 survivors (17408K)
 Metaspace       used 116164K, committed 117376K, reserved 557056K
  class space    used 16057K, committed 16640K, reserved 425984K
}
Event: 103.295 GC heap after
{Heap after GC invocations=67 (full 0):
 garbage-first heap   total 446464K, used 193521K [0x0000000080000000, 0x0000000100000000)
  region size 1024K, 16 young (16384K), 16 survivors (16384K)
 Metaspace       used 116164K, committed 117376K, reserved 557056K
  class space    used 16057K, committed 16640K, reserved 425984K
}
Event: 105.873 GC heap before
{Heap before GC invocations=67 (full 0):
 garbage-first heap   total 446464K, used 320497K [0x0000000080000000, 0x0000000100000000)
  region size 1024K, 140 young (143360K), 16 survivors (16384K)
 Metaspace       used 117329K, committed 118592K, reserved 557056K
  class space    used 16169K, committed 16768K, reserved 425984K
}
Event: 105.915 GC heap after
{Heap after GC invocations=68 (full 0):
 garbage-first heap   total 446464K, used 203776K [0x0000000080000000, 0x0000000100000000)
  region size 1024K, 11 young (11264K), 11 survivors (11264K)
 Metaspace       used 117329K, committed 118592K, reserved 557056K
  class space    used 16169K, committed 16768K, reserved 425984K
}

