# JRE version: OpenJDK Runtime Environment Microsoft-8035246 (17.0.8+7) (build 17.0.8+7-LTS)
# Java VM: OpenJDK 64-Bit Server VM Microsoft-8035246 (17.0.8+7-LTS, mixed mode, sharing, tiered, compressed oops, compressed class ptrs, g1 gc, windows-amd64)
GC Precious Log:
 CPUs: 4 total, 4 available
 Memory: 12082M
 Large Page Support: Disabled
 NUMA Support: Disabled
 Compressed Oops: Enabled (32-bit)
 Heap Region Size: 1M
 Heap Min Capacity: 8M
 Heap Initial Capacity: 190M
 Heap Max Capacity: 2G
 Pre-touch: Disabled
 Parallel Workers: 4
 Concurrent Workers: 1
 Concurrent Refinement Workers: 4
 Periodic GC: Disabled
Heap:
 garbage-first heap   total 430080K, used 243260K [0x0000000080000000, 0x0000000100000000)
  region size 1024K, 35 young (35840K), 7 survivors (7168K)
 Metaspace       used 110108K, committed 111488K, reserved 557056K
  class space    used 15314K, committed 15936K, reserved 425984K
GC Heap History (20 events):
Event: 116.211 GC heap before
{Heap before GC invocations=61 (full 0):
 garbage-first heap   total 264192K, used 213390K [0x0000000080000000, 0x0000000100000000)
  region size 1024K, 65 young (66560K), 6 survivors (6144K)
 Metaspace       used 101610K, committed 102784K, reserved 557056K
  class space    used 14265K, committed 14848K, reserved 425984K
}
Event: 116.234 GC heap after
{Heap after GC invocations=62 (full 0):
 garbage-first heap   total 264192K, used 163500K [0x0000000080000000, 0x0000000100000000)
  region size 1024K, 9 young (9216K), 9 survivors (9216K)
 Metaspace       used 101610K, committed 102784K, reserved 557056K
  class space    used 14265K, committed 14848K, reserved 425984K
}
Event: 117.525 GC heap before
{Heap before GC invocations=62 (full 0):
 garbage-first heap   total 264192K, used 197292K [0x0000000080000000, 0x0000000100000000)
  region size 1024K, 43 young (44032K), 9 survivors (9216K)
 Metaspace       used 102995K, committed 104128K, reserved 557056K
  class space    used 14403K, committed 14912K, reserved 425984K
}
Event: 117.546 GC heap after
{Heap after GC invocations=63 (full 0):
 garbage-first heap   total 264192K, used 172092K [0x0000000080000000, 0x0000000100000000)
  region size 1024K, 8 young (8192K), 8 survivors (8192K)
 Metaspace       used 102995K, committed 104128K, reserved 557056K
  class space    used 14403K, committed 14912K, reserved 425984K
}
Event: 118.990 GC heap before
{Heap before GC invocations=64 (full 0):
 garbage-first heap   total 306176K, used 216124K [0x0000000080000000, 0x0000000100000000)
  region size 1024K, 50 young (51200K), 8 survivors (8192K)
 Metaspace       used 103972K, committed 105216K, reserved 557056K
  class space    used 14541K, committed 15104K, reserved 425984K
}
Event: 119.012 GC heap after
{Heap after GC invocations=65 (full 0):
 garbage-first heap   total 306176K, used 182272K [0x0000000080000000, 0x0000000100000000)
  region size 1024K, 7 young (7168K), 7 survivors (7168K)
 Metaspace       used 103972K, committed 105216K, reserved 557056K
  class space    used 14541K, committed 15104K, reserved 425984K
}
Event: 119.131 GC heap before
{Heap before GC invocations=65 (full 0):
 garbage-first heap   total 306176K, used 189440K [0x0000000080000000, 0x0000000100000000)
  region size 1024K, 14 young (14336K), 7 survivors (7168K)
 Metaspace       used 104610K, committed 105792K, reserved 557056K
  class space    used 14634K, committed 15168K, reserved 425984K
}
Event: 119.147 GC heap after
{Heap after GC invocations=66 (full 0):
 garbage-first heap   total 306176K, used 182686K [0x0000000080000000, 0x0000000100000000)
  region size 1024K, 1 young (1024K), 1 survivors (1024K)
 Metaspace       used 104610K, committed 105792K, reserved 557056K
  class space    used 14634K, committed 15168K, reserved 425984K
}
Event: 120.803 GC heap before
{Heap before GC invocations=66 (full 0):
 garbage-first heap   total 306176K, used 240030K [0x0000000080000000, 0x0000000100000000)
  region size 1024K, 57 young (58368K), 1 survivors (1024K)
 Metaspace       used 107807K, committed 109120K, reserved 557056K
  class space    used 15078K, committed 15680K, reserved 425984K
}
Event: 120.826 GC heap after
{Heap after GC invocations=67 (full 0):
 garbage-first heap   total 306176K, used 189854K [0x0000000080000000, 0x0000000100000000)
  region size 1024K, 8 young (8192K), 8 survivors (8192K)
 Metaspace       used 107807K, committed 109120K, reserved 557056K
  class space    used 15078K, committed 15680K, reserved 425984K
}
Event: 122.671 GC heap before
{Heap before GC invocations=67 (full 0):
 garbage-first heap   total 306176K, used 244126K [0x0000000080000000, 0x0000000100000000)
  region size 1024K, 61 young (62464K), 8 survivors (8192K)
 Metaspace       used 108518K, committed 109824K, reserved 557056K
  class space    used 15136K, committed 15744K, reserved 425984K
}
Event: 122.695 GC heap after
{Heap after GC invocations=68 (full 0):
 garbage-first heap   total 306176K, used 196137K [0x0000000080000000, 0x0000000100000000)
  region size 1024K, 7 young (7168K), 7 survivors (7168K)
 Metaspace       used 108518K, committed 109824K, reserved 557056K
  class space    used 15136K, committed 15744K, reserved 425984K
}
Event: 125.235 GC heap before
{Heap before GC invocations=68 (full 0):
 garbage-first heap   total 306176K, used 248361K [0x0000000080000000, 0x0000000100000000)
  region size 1024K, 58 young (59392K), 7 survivors (7168K)
 Metaspace       used 108840K, committed 110144K, reserved 557056K
  class space    used 15170K, committed 15808K, reserved 425984K
}
Event: 125.251 GC heap after
{Heap after GC invocations=69 (full 0):
 garbage-first heap   total 306176K, used 202032K [0x0000000080000000, 0x0000000100000000)
  region size 1024K, 7 young (7168K), 7 survivors (7168K)
 Metaspace       used 108840K, committed 110144K, reserved 557056K
  class space    used 15170K, committed 15808K, reserved 425984K
}
Event: 126.983 GC heap before
{Heap before GC invocations=70 (full 0):
 garbage-first heap   total 360448K, used 247088K [0x0000000080000000, 0x0000000100000000)
  region size 1024K, 52 young (53248K), 7 survivors (7168K)
 Metaspace       used 109525K, committed 110848K, reserved 557056K
  class space    used 15254K, committed 15872K, reserved 425984K
}
Event: 126.999 GC heap after
{Heap after GC invocations=71 (full 0):
 garbage-first heap   total 360448K, used 205951K [0x0000000080000000, 0x0000000100000000)
  region size 1024K, 5 young (5120K), 5 survivors (5120K)
 Metaspace       used 109525K, committed 110848K, reserved 557056K
  class space    used 15254K, committed 15872K, reserved 425984K
}
Event: 127.348 GC heap before
{Heap before GC invocations=71 (full 0):
 garbage-first heap   total 360448K, used 217215K [0x0000000080000000, 0x0000000100000000)
  region size 1024K, 17 young (17408K), 5 survivors (5120K)
 Metaspace       used 109631K, committed 110976K, reserved 557056K
  class space    used 15261K, committed 15872K, reserved 425984K
}
Event: 127.364 GC heap after
{Heap after GC invocations=72 (full 0):
 garbage-first heap   total 360448K, used 206106K [0x0000000080000000, 0x0000000100000000)
  region size 1024K, 1 young (1024K), 1 survivors (1024K)
 Metaspace       used 109631K, committed 110976K, reserved 557056K
  class space    used 15261K, committed 15872K, reserved 425984K
}
Event: 129.885 GC heap before
{Heap before GC invocations=72 (full 0):
 garbage-first heap   total 360448K, used 287002K [0x0000000080000000, 0x0000000100000000)
  region size 1024K, 81 young (82944K), 1 survivors (1024K)
 Metaspace       used 110075K, committed 111360K, reserved 557056K
  class space    used 15314K, committed 15936K, reserved 425984K
}
Event: 129.896 GC heap after
{Heap after GC invocations=73 (full 0):
 garbage-first heap   total 430080K, used 211516K [0x0000000080000000, 0x0000000100000000)
  region size 1024K, 7 young (7168K), 7 survivors (7168K)
 Metaspace       used 110075K, committed 111360K, reserved 557056K
  class space    used 15314K, committed 15936K, reserved 425984K
}

