# JRE version: OpenJDK Runtime Environment Microsoft-8035246 (17.0.8+7) (build 17.0.8+7-LTS)
# Java VM: OpenJDK 64-Bit Server VM Microsoft-8035246 (17.0.8+7-LTS, mixed mode, sharing, tiered, compressed oops, compressed class ptrs, g1 gc, windows-amd64)
GC Precious Log:
 CPUs: 4 total, 4 available
 Memory: 12082M
 Large Page Support: Disabled
 NUMA Support: Disabled
 Compressed Oops: Enabled (32-bit)
 Heap Region Size: 1M
 Heap Min Capacity: 8M
 Heap Initial Capacity: 190M
 Heap Max Capacity: 2G
 Pre-touch: Disabled
 Parallel Workers: 4
 Concurrent Workers: 1
 Concurrent Refinement Workers: 4
 Periodic GC: Disabled
Heap:
 garbage-first heap   total 407552K, used 305490K [0x0000000080000000, 0x0000000100000000)
  region size 1024K, 120 young (122880K), 11 survivors (11264K)
 Metaspace       used 104433K, committed 105664K, reserved 557056K
  class space    used 14603K, committed 15168K, reserved 425984K
GC Heap History (20 events):
Event: 80.208 GC heap before
{Heap before GC invocations=46 (full 0):
 garbage-first heap   total 203776K, used 127372K [0x0000000080000000, 0x0000000100000000)
  region size 1024K, 9 young (9216K), 7 survivors (7168K)
 Metaspace       used 88832K, committed 89856K, reserved 557056K
  class space    used 12549K, committed 12992K, reserved 425984K
}
Event: 80.223 GC heap after
{Heap after GC invocations=47 (full 0):
 garbage-first heap   total 203776K, used 127356K [0x0000000080000000, 0x0000000100000000)
  region size 1024K, 1 young (1024K), 1 survivors (1024K)
 Metaspace       used 88832K, committed 89856K, reserved 557056K
  class space    used 12549K, committed 12992K, reserved 425984K
}
Event: 80.311 GC heap before
{Heap before GC invocations=47 (full 0):
 garbage-first heap   total 203776K, used 132476K [0x0000000080000000, 0x0000000100000000)
  region size 1024K, 7 young (7168K), 1 survivors (1024K)
 Metaspace       used 88870K, committed 89856K, reserved 557056K
  class space    used 12553K, committed 12992K, reserved 425984K
}
Event: 80.317 GC heap after
{Heap after GC invocations=48 (full 0):
 garbage-first heap   total 407552K, used 127133K [0x0000000080000000, 0x0000000100000000)
  region size 1024K, 1 young (1024K), 1 survivors (1024K)
 Metaspace       used 88870K, committed 89856K, reserved 557056K
  class space    used 12553K, committed 12992K, reserved 425984K
}
Event: 80.346 GC heap before
{Heap before GC invocations=48 (full 0):
 garbage-first heap   total 407552K, used 129181K [0x0000000080000000, 0x0000000100000000)
  region size 1024K, 3 young (3072K), 1 survivors (1024K)
 Metaspace       used 88870K, committed 89856K, reserved 557056K
  class space    used 12553K, committed 12992K, reserved 425984K
}
Event: 80.349 GC heap after
{Heap after GC invocations=49 (full 0):
 garbage-first heap   total 407552K, used 129216K [0x0000000080000000, 0x0000000100000000)
  region size 1024K, 2 young (2048K), 2 survivors (2048K)
 Metaspace       used 88870K, committed 89856K, reserved 557056K
  class space    used 12553K, committed 12992K, reserved 425984K
}
Event: 82.483 GC heap before
{Heap before GC invocations=50 (full 0):
 garbage-first heap   total 407552K, used 249024K [0x0000000080000000, 0x0000000100000000)
  region size 1024K, 118 young (120832K), 2 survivors (2048K)
 Metaspace       used 94545K, committed 95680K, reserved 557056K
  class space    used 13387K, committed 13888K, reserved 425984K
}
Event: 82.502 GC heap after
{Heap after GC invocations=51 (full 0):
 garbage-first heap   total 407552K, used 141302K [0x0000000080000000, 0x0000000100000000)
  region size 1024K, 13 young (13312K), 13 survivors (13312K)
 Metaspace       used 94545K, committed 95680K, reserved 557056K
  class space    used 13387K, committed 13888K, reserved 425984K
}
Event: 82.583 GC heap before
{Heap before GC invocations=51 (full 0):
 garbage-first heap   total 407552K, used 146422K [0x0000000080000000, 0x0000000100000000)
  region size 1024K, 19 young (19456K), 13 survivors (13312K)
 Metaspace       used 94908K, committed 96064K, reserved 557056K
  class space    used 13434K, committed 13952K, reserved 425984K
}
Event: 82.595 GC heap after
{Heap after GC invocations=52 (full 0):
 garbage-first heap   total 407552K, used 141454K [0x0000000080000000, 0x0000000100000000)
  region size 1024K, 2 young (2048K), 2 survivors (2048K)
 Metaspace       used 94908K, committed 96064K, reserved 557056K
  class space    used 13434K, committed 13952K, reserved 425984K
}
Event: 84.002 GC heap before
{Heap before GC invocations=52 (full 0):
 garbage-first heap   total 407552K, used 261262K [0x0000000080000000, 0x0000000100000000)
  region size 1024K, 120 young (122880K), 2 survivors (2048K)
 Metaspace       used 97359K, committed 98496K, reserved 557056K
  class space    used 13696K, committed 14208K, reserved 425984K
}
Event: 84.023 GC heap after
{Heap after GC invocations=53 (full 0):
 garbage-first heap   total 407552K, used 160376K [0x0000000080000000, 0x0000000100000000)
  region size 1024K, 15 young (15360K), 15 survivors (15360K)
 Metaspace       used 97359K, committed 98496K, reserved 557056K
  class space    used 13696K, committed 14208K, reserved 425984K
}
Event: 84.121 GC heap before
{Heap before GC invocations=53 (full 0):
 garbage-first heap   total 407552K, used 166520K [0x0000000080000000, 0x0000000100000000)
  region size 1024K, 22 young (22528K), 15 survivors (15360K)
 Metaspace       used 97414K, committed 98496K, reserved 557056K
  class space    used 13701K, committed 14208K, reserved 425984K
}
Event: 84.140 GC heap after
{Heap after GC invocations=54 (full 0):
 garbage-first heap   total 407552K, used 164254K [0x0000000080000000, 0x0000000100000000)
  region size 1024K, 4 young (4096K), 4 survivors (4096K)
 Metaspace       used 97414K, committed 98496K, reserved 557056K
  class space    used 13701K, committed 14208K, reserved 425984K
}
Event: 87.045 GC heap before
{Heap before GC invocations=55 (full 0):
 garbage-first heap   total 407552K, used 295326K [0x0000000080000000, 0x0000000100000000)
  region size 1024K, 131 young (134144K), 4 survivors (4096K)
 Metaspace       used 102753K, committed 103936K, reserved 557056K
  class space    used 14419K, committed 14976K, reserved 425984K
}
Event: 87.078 GC heap after
{Heap after GC invocations=56 (full 0):
 garbage-first heap   total 407552K, used 184832K [0x0000000080000000, 0x0000000100000000)
  region size 1024K, 17 young (17408K), 17 survivors (17408K)
 Metaspace       used 102753K, committed 103936K, reserved 557056K
  class space    used 14419K, committed 14976K, reserved 425984K
}
Event: 87.109 GC heap before
{Heap before GC invocations=56 (full 0):
 garbage-first heap   total 407552K, used 186880K [0x0000000080000000, 0x0000000100000000)
  region size 1024K, 19 young (19456K), 17 survivors (17408K)
 Metaspace       used 102760K, committed 103936K, reserved 557056K
  class space    used 14419K, committed 14976K, reserved 425984K
}
Event: 87.132 GC heap after
{Heap after GC invocations=57 (full 0):
 garbage-first heap   total 407552K, used 186706K [0x0000000080000000, 0x0000000100000000)
  region size 1024K, 2 young (2048K), 2 survivors (2048K)
 Metaspace       used 102760K, committed 103936K, reserved 557056K
  class space    used 14419K, committed 14976K, reserved 425984K
}
Event: 88.641 GC heap before
{Heap before GC invocations=57 (full 0):
 garbage-first heap   total 407552K, used 301394K [0x0000000080000000, 0x0000000100000000)
  region size 1024K, 115 young (117760K), 2 survivors (2048K)
 Metaspace       used 103840K, committed 105088K, reserved 557056K
  class space    used 14544K, committed 15104K, reserved 425984K
}
Event: 88.664 GC heap after
{Heap after GC invocations=58 (full 0):
 garbage-first heap   total 407552K, used 195922K [0x0000000080000000, 0x0000000100000000)
  region size 1024K, 11 young (11264K), 11 survivors (11264K)
 Metaspace       used 103840K, committed 105088K, reserved 557056K
  class space    used 14544K, committed 15104K, reserved 425984K
}

