# JRE version: OpenJDK Runtime Environment Microsoft-8035246 (17.0.8+7) (build 17.0.8+7-LTS)
# Java VM: OpenJDK 64-Bit Server VM Microsoft-8035246 (17.0.8+7-LTS, mixed mode, sharing, tiered, compressed oops, compressed class ptrs, g1 gc, windows-amd64)
GC Precious Log:
 CPUs: 4 total, 4 available
 Memory: 12082M
 Large Page Support: Disabled
 NUMA Support: Disabled
 Compressed Oops: Enabled (32-bit)
 Heap Region Size: 1M
 Heap Min Capacity: 8M
 Heap Initial Capacity: 190M
 Heap Max Capacity: 2G
 Pre-touch: Disabled
 Parallel Workers: 4
 Concurrent Workers: 1
 Concurrent Refinement Workers: 4
 Periodic GC: Disabled
Heap:
 garbage-first heap   total 442368K, used 271867K [0x0000000080000000, 0x0000000100000000)
  region size 1024K, 81 young (82944K), 12 survivors (12288K)
 Metaspace       used 104826K, committed 106176K, reserved 557056K
  class space    used 14668K, committed 15296K, reserved 425984K
GC Heap History (20 events):
Event: 99.270 GC heap before
{Heap before GC invocations=45 (full 0):
 garbage-first heap   total 221184K, used 98401K [0x0000000080000000, 0x0000000100000000)
  region size 1024K, 10 young (10240K), 7 survivors (7168K)
 Metaspace       used 84158K, committed 84864K, reserved 557056K
  class space    used 11887K, committed 12224K, reserved 425984K
}
Event: 99.278 GC heap after
{Heap after GC invocations=46 (full 0):
 garbage-first heap   total 221184K, used 95144K [0x0000000080000000, 0x0000000100000000)
  region size 1024K, 1 young (1024K), 1 survivors (1024K)
 Metaspace       used 84158K, committed 84864K, reserved 557056K
  class space    used 11887K, committed 12224K, reserved 425984K
}
Event: 101.529 GC heap before
{Heap before GC invocations=46 (full 0):
 garbage-first heap   total 221184K, used 171944K [0x0000000080000000, 0x0000000100000000)
  region size 1024K, 76 young (77824K), 1 survivors (1024K)
 Metaspace       used 87311K, committed 88192K, reserved 557056K
  class space    used 12368K, committed 12736K, reserved 425984K
}
Event: 101.544 GC heap after
{Heap after GC invocations=47 (full 0):
 garbage-first heap   total 221184K, used 106761K [0x0000000080000000, 0x0000000100000000)
  region size 1024K, 10 young (10240K), 10 survivors (10240K)
 Metaspace       used 87311K, committed 88192K, reserved 557056K
  class space    used 12368K, committed 12736K, reserved 425984K
}
Event: 103.275 GC heap before
{Heap before GC invocations=48 (full 0):
 garbage-first heap   total 221184K, used 174345K [0x0000000080000000, 0x0000000100000000)
  region size 1024K, 73 young (74752K), 10 survivors (10240K)
 Metaspace       used 88768K, committed 89728K, reserved 557056K
  class space    used 12566K, committed 12992K, reserved 425984K
}
Event: 103.300 GC heap after
{Heap after GC invocations=49 (full 0):
 garbage-first heap   total 221184K, used 126890K [0x0000000080000000, 0x0000000100000000)
  region size 1024K, 10 young (10240K), 10 survivors (10240K)
 Metaspace       used 88768K, committed 89728K, reserved 557056K
  class space    used 12566K, committed 12992K, reserved 425984K
}
Event: 103.343 GC heap before
{Heap before GC invocations=49 (full 0):
 garbage-first heap   total 221184K, used 127914K [0x0000000080000000, 0x0000000100000000)
  region size 1024K, 11 young (11264K), 10 survivors (10240K)
 Metaspace       used 88772K, committed 89728K, reserved 557056K
  class space    used 12566K, committed 12992K, reserved 425984K
}
Event: 103.356 GC heap after
{Heap after GC invocations=50 (full 0):
 garbage-first heap   total 221184K, used 128512K [0x0000000080000000, 0x0000000100000000)
  region size 1024K, 1 young (1024K), 1 survivors (1024K)
 Metaspace       used 88772K, committed 89728K, reserved 557056K
  class space    used 12566K, committed 12992K, reserved 425984K
}
Event: 103.726 GC heap before
{Heap before GC invocations=50 (full 0):
 garbage-first heap   total 221184K, used 142848K [0x0000000080000000, 0x0000000100000000)
  region size 1024K, 17 young (17408K), 1 survivors (1024K)
 Metaspace       used 88940K, committed 89856K, reserved 557056K
  class space    used 12573K, committed 12992K, reserved 425984K
}
Event: 103.734 GC heap after
{Heap after GC invocations=51 (full 0):
 garbage-first heap   total 442368K, used 129959K [0x0000000080000000, 0x0000000100000000)
  region size 1024K, 3 young (3072K), 3 survivors (3072K)
 Metaspace       used 88940K, committed 89856K, reserved 557056K
  class space    used 12573K, committed 12992K, reserved 425984K
}
Event: 107.563 GC heap before
{Heap before GC invocations=51 (full 0):
 garbage-first heap   total 442368K, used 311207K [0x0000000080000000, 0x0000000100000000)
  region size 1024K, 177 young (181248K), 3 survivors (3072K)
 Metaspace       used 96047K, committed 97152K, reserved 557056K
  class space    used 13582K, committed 14080K, reserved 425984K
}
Event: 107.628 GC heap after
{Heap after GC invocations=52 (full 0):
 garbage-first heap   total 442368K, used 150817K [0x0000000080000000, 0x0000000100000000)
  region size 1024K, 21 young (21504K), 21 survivors (21504K)
 Metaspace       used 96047K, committed 97152K, reserved 557056K
  class space    used 13582K, committed 14080K, reserved 425984K
}
Event: 110.162 GC heap before
{Heap before GC invocations=52 (full 0):
 garbage-first heap   total 442368K, used 240929K [0x0000000080000000, 0x0000000100000000)
  region size 1024K, 111 young (113664K), 21 survivors (21504K)
 Metaspace       used 97674K, committed 98816K, reserved 557056K
  class space    used 13744K, committed 14272K, reserved 425984K
}
Event: 110.207 GC heap after
{Heap after GC invocations=53 (full 0):
 garbage-first heap   total 442368K, used 168242K [0x0000000080000000, 0x0000000100000000)
  region size 1024K, 18 young (18432K), 18 survivors (18432K)
 Metaspace       used 97674K, committed 98816K, reserved 557056K
  class space    used 13744K, committed 14272K, reserved 425984K
}
Event: 115.811 GC heap before
{Heap before GC invocations=54 (full 0):
 garbage-first heap   total 442368K, used 321842K [0x0000000080000000, 0x0000000100000000)
  region size 1024K, 167 young (171008K), 18 survivors (18432K)
 Metaspace       used 103139K, committed 104320K, reserved 557056K
  class space    used 14476K, committed 15040K, reserved 425984K
}
Event: 115.853 GC heap after
{Heap after GC invocations=55 (full 0):
 garbage-first heap   total 442368K, used 191488K [0x0000000080000000, 0x0000000100000000)
  region size 1024K, 21 young (21504K), 21 survivors (21504K)
 Metaspace       used 103139K, committed 104320K, reserved 557056K
  class space    used 14476K, committed 15040K, reserved 425984K
}
Event: 115.876 GC heap before
{Heap before GC invocations=55 (full 0):
 garbage-first heap   total 442368K, used 192512K [0x0000000080000000, 0x0000000100000000)
  region size 1024K, 22 young (22528K), 21 survivors (21504K)
 Metaspace       used 103147K, committed 104320K, reserved 557056K
  class space    used 14476K, committed 15040K, reserved 425984K
}
Event: 115.907 GC heap after
{Heap after GC invocations=56 (full 0):
 garbage-first heap   total 442368K, used 193024K [0x0000000080000000, 0x0000000100000000)
  region size 1024K, 2 young (2048K), 2 survivors (2048K)
 Metaspace       used 103147K, committed 104320K, reserved 557056K
  class space    used 14476K, committed 15040K, reserved 425984K
}
Event: 118.055 GC heap before
{Heap before GC invocations=56 (full 0):
 garbage-first heap   total 442368K, used 332288K [0x0000000080000000, 0x0000000100000000)
  region size 1024K, 139 young (142336K), 2 survivors (2048K)
 Metaspace       used 104456K, committed 105792K, reserved 557056K
  class space    used 14614K, committed 15232K, reserved 425984K
}
Event: 118.083 GC heap after
{Heap after GC invocations=57 (full 0):
 garbage-first heap   total 442368K, used 203259K [0x0000000080000000, 0x0000000100000000)
  region size 1024K, 12 young (12288K), 12 survivors (12288K)
 Metaspace       used 104456K, committed 105792K, reserved 557056K
  class space    used 14614K, committed 15232K, reserved 425984K
}

